<?xml version="1.0" encoding="UTF-8"?>
<testsuite name="com.oreilly.dao.JpaOfficerDAOTest" tests="7" skipped="0" failures="0" errors="0" timestamp="2019-10-15T03:03:29" hostname="EMAYA-Mbp" time="0.64">
  <properties/>
  <testcase name="findOneThatDoesNotExist()" classname="com.oreilly.dao.JpaOfficerDAOTest" time="0.213"/>
  <testcase name="delete()" classname="com.oreilly.dao.JpaOfficerDAOTest" time="0.289"/>
  <testcase name="testSave()" classname="com.oreilly.dao.JpaOfficerDAOTest" time="0.028"/>
  <testcase name="findAll()" classname="com.oreilly.dao.JpaOfficerDAOTest" time="0.032"/>
  <testcase name="count()" classname="com.oreilly.dao.JpaOfficerDAOTest" time="0.012"/>
  <testcase name="existsById()" classname="com.oreilly.dao.JpaOfficerDAOTest" time="0.033"/>
  <testcase name="findOneThatExists()" classname="com.oreilly.dao.JpaOfficerDAOTest" time="0.023"/>
  <system-out><![CDATA[22:03:24.856 [Test worker] DEBUG org.springframework.test.context.BootstrapUtils - Instantiating CacheAwareContextLoaderDelegate from class [org.springframework.test.context.cache.DefaultCacheAwareContextLoaderDelegate]
22:03:24.884 [Test worker] DEBUG org.springframework.test.context.BootstrapUtils - Instantiating BootstrapContext using constructor [public org.springframework.test.context.support.DefaultBootstrapContext(java.lang.Class,org.springframework.test.context.CacheAwareContextLoaderDelegate)]
22:03:24.910 [Test worker] DEBUG org.springframework.test.context.BootstrapUtils - Instantiating TestContextBootstrapper for test class [com.oreilly.dao.JpaOfficerDAOTest] from class [org.springframework.boot.test.context.SpringBootTestContextBootstrapper]
22:03:24.926 [Test worker] INFO org.springframework.boot.test.context.SpringBootTestContextBootstrapper - Neither @ContextConfiguration nor @ContextHierarchy found for test class [com.oreilly.dao.JpaOfficerDAOTest], using SpringBootContextLoader
22:03:24.931 [Test worker] DEBUG org.springframework.test.context.support.AbstractContextLoader - Did not detect default resource location for test class [com.oreilly.dao.JpaOfficerDAOTest]: class path resource [com/oreilly/dao/JpaOfficerDAOTest-context.xml] does not exist
22:03:24.932 [Test worker] DEBUG org.springframework.test.context.support.AbstractContextLoader - Did not detect default resource location for test class [com.oreilly.dao.JpaOfficerDAOTest]: class path resource [com/oreilly/dao/JpaOfficerDAOTestContext.groovy] does not exist
22:03:24.932 [Test worker] INFO org.springframework.test.context.support.AbstractContextLoader - Could not detect default resource locations for test class [com.oreilly.dao.JpaOfficerDAOTest]: no resource found for suffixes {-context.xml, Context.groovy}.
22:03:24.933 [Test worker] INFO org.springframework.test.context.support.AnnotationConfigContextLoaderUtils - Could not detect default configuration classes for test class [com.oreilly.dao.JpaOfficerDAOTest]: JpaOfficerDAOTest does not declare any static, non-private, non-final, nested classes annotated with @Configuration.
22:03:24.997 [Test worker] DEBUG org.springframework.test.context.support.ActiveProfilesUtils - Could not find an 'annotation declaring class' for annotation type [org.springframework.test.context.ActiveProfiles] and class [com.oreilly.dao.JpaOfficerDAOTest]
22:03:25.099 [Test worker] DEBUG org.springframework.context.annotation.ClassPathScanningCandidateComponentProvider - Identified candidate component class: file [/Users/emaya/Temp/safari/junit5/junit5_workshop/spring/build/classes/java/main/com/oreilly/SpringDemo.class]
22:03:25.101 [Test worker] INFO org.springframework.boot.test.context.SpringBootTestContextBootstrapper - Found @SpringBootConfiguration com.oreilly.SpringDemo for test class com.oreilly.dao.JpaOfficerDAOTest
22:03:25.227 [Test worker] DEBUG org.springframework.boot.test.context.SpringBootTestContextBootstrapper - @TestExecutionListeners is not present for class [com.oreilly.dao.JpaOfficerDAOTest]: using defaults.
22:03:25.228 [Test worker] INFO org.springframework.boot.test.context.SpringBootTestContextBootstrapper - Loaded default TestExecutionListener class names from location [META-INF/spring.factories]: [org.springframework.boot.test.autoconfigure.restdocs.RestDocsTestExecutionListener, org.springframework.boot.test.autoconfigure.web.client.MockRestServiceServerResetTestExecutionListener, org.springframework.boot.test.autoconfigure.web.servlet.MockMvcPrintOnlyOnFailureTestExecutionListener, org.springframework.boot.test.autoconfigure.web.servlet.WebDriverTestExecutionListener, org.springframework.boot.test.mock.mockito.MockitoTestExecutionListener, org.springframework.boot.test.mock.mockito.ResetMocksTestExecutionListener, org.springframework.test.context.web.ServletTestExecutionListener, org.springframework.test.context.support.DirtiesContextBeforeModesTestExecutionListener, org.springframework.test.context.support.DependencyInjectionTestExecutionListener, org.springframework.test.context.support.DirtiesContextTestExecutionListener, org.springframework.test.context.transaction.TransactionalTestExecutionListener, org.springframework.test.context.jdbc.SqlScriptsTestExecutionListener]
22:03:25.237 [Test worker] DEBUG org.springframework.boot.test.context.SpringBootTestContextBootstrapper - Skipping candidate TestExecutionListener [org.springframework.test.context.web.ServletTestExecutionListener] due to a missing dependency. Specify custom listener classes or make the default listener classes and their required dependencies available. Offending class: [javax/servlet/ServletContext]
22:03:25.247 [Test worker] INFO org.springframework.boot.test.context.SpringBootTestContextBootstrapper - Using TestExecutionListeners: [org.springframework.test.context.support.DirtiesContextBeforeModesTestExecutionListener@613596f3, org.springframework.boot.test.mock.mockito.MockitoTestExecutionListener@180d16fd, org.springframework.boot.test.autoconfigure.SpringBootDependencyInjectionTestExecutionListener@6d3fcaf9, org.springframework.test.context.support.DirtiesContextTestExecutionListener@2ac357cd, org.springframework.test.context.transaction.TransactionalTestExecutionListener@678cce68, org.springframework.test.context.jdbc.SqlScriptsTestExecutionListener@17c6869a, org.springframework.boot.test.autoconfigure.restdocs.RestDocsTestExecutionListener@43dfe99, org.springframework.boot.test.autoconfigure.web.client.MockRestServiceServerResetTestExecutionListener@34f0bcec, org.springframework.boot.test.autoconfigure.web.servlet.MockMvcPrintOnlyOnFailureTestExecutionListener@350edb94, org.springframework.boot.test.autoconfigure.web.servlet.WebDriverTestExecutionListener@165f69f9, org.springframework.boot.test.mock.mockito.ResetMocksTestExecutionListener@7d7d949d]
22:03:25.255 [Test worker] DEBUG org.springframework.test.context.support.DependencyInjectionTestExecutionListener - Performing dependency injection for test context [[DefaultTestContext@375e3efb testClass = JpaOfficerDAOTest, testInstance = com.oreilly.dao.JpaOfficerDAOTest@1e771e68, testMethod = [null], testException = [null], mergedContextConfiguration = [MergedContextConfiguration@7312eea3 testClass = JpaOfficerDAOTest, locations = '{}', classes = '{class com.oreilly.SpringDemo}', contextInitializerClasses = '[]', activeProfiles = '{}', propertySourceLocations = '{}', propertySourceProperties = '{org.springframework.boot.test.context.SpringBootTestContextBootstrapper=true}', contextCustomizers = set[org.springframework.boot.test.autoconfigure.properties.PropertyMappingContextCustomizer@0, org.springframework.boot.test.autoconfigure.web.servlet.WebDriverContextCustomizerFactory$Customizer@91bbf98, org.springframework.boot.test.context.filter.ExcludeFilterContextCustomizer@24fb5dbd, org.springframework.boot.test.json.DuplicateJsonObjectContextCustomizerFactory$DuplicateJsonObjectContextCustomizer@1dd0df2f, org.springframework.boot.test.mock.mockito.MockitoContextCustomizer@0, org.springframework.boot.test.web.client.TestRestTemplateContextCustomizer@7cfc5d30], contextLoader = 'org.springframework.boot.test.context.SpringBootContextLoader', parent = [null]], attributes = map[[empty]]]].
22:03:25.283 [Test worker] DEBUG org.springframework.test.context.support.TestPropertySourceUtils - Adding inlined properties to environment: {spring.jmx.enabled=false, org.springframework.boot.test.context.SpringBootTestContextBootstrapper=true, server.port=-1}

  .   ____          _            __ _ _
 /\\ / ___'_ __ _ _(_)_ __  __ _ \ \ \ \
( ( )\___ | '_ | '_| | '_ \/ _` | \ \ \ \
 \\/  ___)| |_)| | | | | || (_| |  ) ) ) )
  '  |____| .__|_| |_|_| |_\__, | / / / /
 =========|_|==============|___/=/_/_/_/
 :: Spring Boot ::        (v2.1.0.RELEASE)

2019-10-14 22:03:25.579  INFO 15803 --- [    Test worker] com.oreilly.dao.JpaOfficerDAOTest        : Starting JpaOfficerDAOTest on EMAYA-Mbp with PID 15803 (started by emaya in /Users/emaya/Temp/safari/junit5/junit5_workshop/spring)
2019-10-14 22:03:25.583  INFO 15803 --- [    Test worker] com.oreilly.dao.JpaOfficerDAOTest        : No active profile set, falling back to default profiles: default
2019-10-14 22:03:26.136  INFO 15803 --- [    Test worker] .s.d.r.c.RepositoryConfigurationDelegate : Bootstrapping Spring Data repositories in DEFAULT mode.
2019-10-14 22:03:26.158  INFO 15803 --- [    Test worker] .s.d.r.c.RepositoryConfigurationDelegate : Finished Spring Data repository scanning in 16ms. Found 0 repository interfaces.
2019-10-14 22:03:26.801  INFO 15803 --- [    Test worker] com.zaxxer.hikari.HikariDataSource       : HikariPool-1 - Starting...
2019-10-14 22:03:27.035  INFO 15803 --- [    Test worker] com.zaxxer.hikari.HikariDataSource       : HikariPool-1 - Start completed.
2019-10-14 22:03:27.345  INFO 15803 --- [    Test worker] o.hibernate.jpa.internal.util.LogHelper  : HHH000204: Processing PersistenceUnitInfo [
	name: default
	...]
2019-10-14 22:03:27.416  INFO 15803 --- [    Test worker] org.hibernate.Version                    : HHH000412: Hibernate Core {5.3.7.Final}
2019-10-14 22:03:27.419  INFO 15803 --- [    Test worker] org.hibernate.cfg.Environment            : HHH000206: hibernate.properties not found
2019-10-14 22:03:27.608  INFO 15803 --- [    Test worker] o.hibernate.annotations.common.Version   : HCANN000001: Hibernate Commons Annotations {5.0.4.Final}
2019-10-14 22:03:27.829  INFO 15803 --- [    Test worker] org.hibernate.dialect.Dialect            : HHH000400: Using dialect: org.hibernate.dialect.H2Dialect
2019-10-14 22:03:28.654  INFO 15803 --- [    Test worker] j.LocalContainerEntityManagerFactoryBean : Initialized JPA EntityManagerFactory for persistence unit 'default'
2019-10-14 22:03:28.988  INFO 15803 --- [    Test worker] com.oreilly.dao.JpaOfficerDAOTest        : Started JpaOfficerDAOTest in 3.7 seconds (JVM running for 5.174)
2019-10-14 22:03:29.109  INFO 15803 --- [    Test worker] o.s.t.c.transaction.TransactionContext   : Began transaction (1) for test context [DefaultTestContext@375e3efb testClass = JpaOfficerDAOTest, testInstance = com.oreilly.dao.JpaOfficerDAOTest@1e771e68, testMethod = findOneThatDoesNotExist@JpaOfficerDAOTest, testException = [null], mergedContextConfiguration = [MergedContextConfiguration@7312eea3 testClass = JpaOfficerDAOTest, locations = '{}', classes = '{class com.oreilly.SpringDemo}', contextInitializerClasses = '[]', activeProfiles = '{}', propertySourceLocations = '{}', propertySourceProperties = '{org.springframework.boot.test.context.SpringBootTestContextBootstrapper=true}', contextCustomizers = set[org.springframework.boot.test.autoconfigure.properties.PropertyMappingContextCustomizer@0, org.springframework.boot.test.autoconfigure.web.servlet.WebDriverContextCustomizerFactory$Customizer@91bbf98, org.springframework.boot.test.context.filter.ExcludeFilterContextCustomizer@24fb5dbd, org.springframework.boot.test.json.DuplicateJsonObjectContextCustomizerFactory$DuplicateJsonObjectContextCustomizer@1dd0df2f, org.springframework.boot.test.mock.mockito.MockitoContextCustomizer@0, org.springframework.boot.test.web.client.TestRestTemplateContextCustomizer@7cfc5d30], contextLoader = 'org.springframework.boot.test.context.SpringBootContextLoader', parent = [null]], attributes = map[[empty]]]; transaction manager [org.springframework.orm.jpa.JpaTransactionManager@787b7b19]; rollback [true]
Hibernate: select officer0_.id as id1_0_0_, officer0_.first_name as first_na2_0_0_, officer0_.last_name as last_nam3_0_0_, officer0_.rank as rank4_0_0_ from officers officer0_ where officer0_.id=?
2019-10-14 22:03:29.210  INFO 15803 --- [    Test worker] o.s.t.c.transaction.TransactionContext   : Rolled back transaction for test: [DefaultTestContext@375e3efb testClass = JpaOfficerDAOTest, testInstance = com.oreilly.dao.JpaOfficerDAOTest@1e771e68, testMethod = findOneThatDoesNotExist@JpaOfficerDAOTest, testException = [null], mergedContextConfiguration = [MergedContextConfiguration@7312eea3 testClass = JpaOfficerDAOTest, locations = '{}', classes = '{class com.oreilly.SpringDemo}', contextInitializerClasses = '[]', activeProfiles = '{}', propertySourceLocations = '{}', propertySourceProperties = '{org.springframework.boot.test.context.SpringBootTestContextBootstrapper=true}', contextCustomizers = set[org.springframework.boot.test.autoconfigure.properties.PropertyMappingContextCustomizer@0, org.springframework.boot.test.autoconfigure.web.servlet.WebDriverContextCustomizerFactory$Customizer@91bbf98, org.springframework.boot.test.context.filter.ExcludeFilterContextCustomizer@24fb5dbd, org.springframework.boot.test.json.DuplicateJsonObjectContextCustomizerFactory$DuplicateJsonObjectContextCustomizer@1dd0df2f, org.springframework.boot.test.mock.mockito.MockitoContextCustomizer@0, org.springframework.boot.test.web.client.TestRestTemplateContextCustomizer@7cfc5d30], contextLoader = 'org.springframework.boot.test.context.SpringBootContextLoader', parent = [null]], attributes = map[[empty]]]
2019-10-14 22:03:29.219  INFO 15803 --- [    Test worker] o.s.t.c.transaction.TransactionContext   : Began transaction (1) for test context [DefaultTestContext@375e3efb testClass = JpaOfficerDAOTest, testInstance = com.oreilly.dao.JpaOfficerDAOTest@1e771e68, testMethod = delete@JpaOfficerDAOTest, testException = [null], mergedContextConfiguration = [MergedContextConfiguration@7312eea3 testClass = JpaOfficerDAOTest, locations = '{}', classes = '{class com.oreilly.SpringDemo}', contextInitializerClasses = '[]', activeProfiles = '{}', propertySourceLocations = '{}', propertySourceProperties = '{org.springframework.boot.test.context.SpringBootTestContextBootstrapper=true}', contextCustomizers = set[org.springframework.boot.test.autoconfigure.properties.PropertyMappingContextCustomizer@0, org.springframework.boot.test.autoconfigure.web.servlet.WebDriverContextCustomizerFactory$Customizer@91bbf98, org.springframework.boot.test.context.filter.ExcludeFilterContextCustomizer@24fb5dbd, org.springframework.boot.test.json.DuplicateJsonObjectContextCustomizerFactory$DuplicateJsonObjectContextCustomizer@1dd0df2f, org.springframework.boot.test.mock.mockito.MockitoContextCustomizer@0, org.springframework.boot.test.web.client.TestRestTemplateContextCustomizer@7cfc5d30], contextLoader = 'org.springframework.boot.test.context.SpringBootContextLoader', parent = [null]], attributes = map[[empty]]]; transaction manager [org.springframework.orm.jpa.JpaTransactionManager@787b7b19]; rollback [true]
Hibernate: select officer0_.id as id1_0_0_, officer0_.first_name as first_na2_0_0_, officer0_.last_name as last_nam3_0_0_, officer0_.rank as rank4_0_0_ from officers officer0_ where officer0_.id=?
Hibernate: select officer0_.id as id1_0_0_, officer0_.first_name as first_na2_0_0_, officer0_.last_name as last_nam3_0_0_, officer0_.rank as rank4_0_0_ from officers officer0_ where officer0_.id=?
Hibernate: select officer0_.id as id1_0_0_, officer0_.first_name as first_na2_0_0_, officer0_.last_name as last_nam3_0_0_, officer0_.rank as rank4_0_0_ from officers officer0_ where officer0_.id=?
Hibernate: select officer0_.id as id1_0_0_, officer0_.first_name as first_na2_0_0_, officer0_.last_name as last_nam3_0_0_, officer0_.rank as rank4_0_0_ from officers officer0_ where officer0_.id=?
Hibernate: select officer0_.id as id1_0_0_, officer0_.first_name as first_na2_0_0_, officer0_.last_name as last_nam3_0_0_, officer0_.rank as rank4_0_0_ from officers officer0_ where officer0_.id=?
2019-10-14 22:03:29.278  INFO 15803 --- [    Test worker] o.h.h.i.QueryTranslatorFactoryInitiator  : HHH000397: Using ASTQueryTranslatorFactory
Hibernate: delete from officers where id=?
Hibernate: delete from officers where id=?
Hibernate: delete from officers where id=?
Hibernate: delete from officers where id=?
Hibernate: delete from officers where id=?
Hibernate: select count(officer0_.id) as col_0_0_ from officers officer0_
2019-10-14 22:03:29.506  INFO 15803 --- [    Test worker] o.s.t.c.transaction.TransactionContext   : Rolled back transaction for test: [DefaultTestContext@375e3efb testClass = JpaOfficerDAOTest, testInstance = com.oreilly.dao.JpaOfficerDAOTest@1e771e68, testMethod = delete@JpaOfficerDAOTest, testException = [null], mergedContextConfiguration = [MergedContextConfiguration@7312eea3 testClass = JpaOfficerDAOTest, locations = '{}', classes = '{class com.oreilly.SpringDemo}', contextInitializerClasses = '[]', activeProfiles = '{}', propertySourceLocations = '{}', propertySourceProperties = '{org.springframework.boot.test.context.SpringBootTestContextBootstrapper=true}', contextCustomizers = set[org.springframework.boot.test.autoconfigure.properties.PropertyMappingContextCustomizer@0, org.springframework.boot.test.autoconfigure.web.servlet.WebDriverContextCustomizerFactory$Customizer@91bbf98, org.springframework.boot.test.context.filter.ExcludeFilterContextCustomizer@24fb5dbd, org.springframework.boot.test.json.DuplicateJsonObjectContextCustomizerFactory$DuplicateJsonObjectContextCustomizer@1dd0df2f, org.springframework.boot.test.mock.mockito.MockitoContextCustomizer@0, org.springframework.boot.test.web.client.TestRestTemplateContextCustomizer@7cfc5d30], contextLoader = 'org.springframework.boot.test.context.SpringBootContextLoader', parent = [null]], attributes = map[[empty]]]
2019-10-14 22:03:29.510  INFO 15803 --- [    Test worker] o.s.t.c.transaction.TransactionContext   : Began transaction (1) for test context [DefaultTestContext@375e3efb testClass = JpaOfficerDAOTest, testInstance = com.oreilly.dao.JpaOfficerDAOTest@1e771e68, testMethod = testSave@JpaOfficerDAOTest, testException = [null], mergedContextConfiguration = [MergedContextConfiguration@7312eea3 testClass = JpaOfficerDAOTest, locations = '{}', classes = '{class com.oreilly.SpringDemo}', contextInitializerClasses = '[]', activeProfiles = '{}', propertySourceLocations = '{}', propertySourceProperties = '{org.springframework.boot.test.context.SpringBootTestContextBootstrapper=true}', contextCustomizers = set[org.springframework.boot.test.autoconfigure.properties.PropertyMappingContextCustomizer@0, org.springframework.boot.test.autoconfigure.web.servlet.WebDriverContextCustomizerFactory$Customizer@91bbf98, org.springframework.boot.test.context.filter.ExcludeFilterContextCustomizer@24fb5dbd, org.springframework.boot.test.json.DuplicateJsonObjectContextCustomizerFactory$DuplicateJsonObjectContextCustomizer@1dd0df2f, org.springframework.boot.test.mock.mockito.MockitoContextCustomizer@0, org.springframework.boot.test.web.client.TestRestTemplateContextCustomizer@7cfc5d30], contextLoader = 'org.springframework.boot.test.context.SpringBootContextLoader', parent = [null]], attributes = map[[empty]]]; transaction manager [org.springframework.orm.jpa.JpaTransactionManager@787b7b19]; rollback [true]
Hibernate: insert into officers (id, first_name, last_name, rank) values (null, ?, ?, ?)
2019-10-14 22:03:29.535  INFO 15803 --- [    Test worker] o.s.t.c.transaction.TransactionContext   : Rolled back transaction for test: [DefaultTestContext@375e3efb testClass = JpaOfficerDAOTest, testInstance = com.oreilly.dao.JpaOfficerDAOTest@1e771e68, testMethod = testSave@JpaOfficerDAOTest, testException = [null], mergedContextConfiguration = [MergedContextConfiguration@7312eea3 testClass = JpaOfficerDAOTest, locations = '{}', classes = '{class com.oreilly.SpringDemo}', contextInitializerClasses = '[]', activeProfiles = '{}', propertySourceLocations = '{}', propertySourceProperties = '{org.springframework.boot.test.context.SpringBootTestContextBootstrapper=true}', contextCustomizers = set[org.springframework.boot.test.autoconfigure.properties.PropertyMappingContextCustomizer@0, org.springframework.boot.test.autoconfigure.web.servlet.WebDriverContextCustomizerFactory$Customizer@91bbf98, org.springframework.boot.test.context.filter.ExcludeFilterContextCustomizer@24fb5dbd, org.springframework.boot.test.json.DuplicateJsonObjectContextCustomizerFactory$DuplicateJsonObjectContextCustomizer@1dd0df2f, org.springframework.boot.test.mock.mockito.MockitoContextCustomizer@0, org.springframework.boot.test.web.client.TestRestTemplateContextCustomizer@7cfc5d30], contextLoader = 'org.springframework.boot.test.context.SpringBootContextLoader', parent = [null]], attributes = map[[empty]]]
2019-10-14 22:03:29.544  INFO 15803 --- [    Test worker] o.s.t.c.transaction.TransactionContext   : Began transaction (1) for test context [DefaultTestContext@375e3efb testClass = JpaOfficerDAOTest, testInstance = com.oreilly.dao.JpaOfficerDAOTest@1e771e68, testMethod = findAll@JpaOfficerDAOTest, testException = [null], mergedContextConfiguration = [MergedContextConfiguration@7312eea3 testClass = JpaOfficerDAOTest, locations = '{}', classes = '{class com.oreilly.SpringDemo}', contextInitializerClasses = '[]', activeProfiles = '{}', propertySourceLocations = '{}', propertySourceProperties = '{org.springframework.boot.test.context.SpringBootTestContextBootstrapper=true}', contextCustomizers = set[org.springframework.boot.test.autoconfigure.properties.PropertyMappingContextCustomizer@0, org.springframework.boot.test.autoconfigure.web.servlet.WebDriverContextCustomizerFactory$Customizer@91bbf98, org.springframework.boot.test.context.filter.ExcludeFilterContextCustomizer@24fb5dbd, org.springframework.boot.test.json.DuplicateJsonObjectContextCustomizerFactory$DuplicateJsonObjectContextCustomizer@1dd0df2f, org.springframework.boot.test.mock.mockito.MockitoContextCustomizer@0, org.springframework.boot.test.web.client.TestRestTemplateContextCustomizer@7cfc5d30], contextLoader = 'org.springframework.boot.test.context.SpringBootContextLoader', parent = [null]], attributes = map[[empty]]]; transaction manager [org.springframework.orm.jpa.JpaTransactionManager@787b7b19]; rollback [true]
Hibernate: select officer0_.id as id1_0_, officer0_.first_name as first_na2_0_, officer0_.last_name as last_nam3_0_, officer0_.rank as rank4_0_ from officers officer0_
2019-10-14 22:03:29.569  INFO 15803 --- [    Test worker] o.s.t.c.transaction.TransactionContext   : Rolled back transaction for test: [DefaultTestContext@375e3efb testClass = JpaOfficerDAOTest, testInstance = com.oreilly.dao.JpaOfficerDAOTest@1e771e68, testMethod = findAll@JpaOfficerDAOTest, testException = [null], mergedContextConfiguration = [MergedContextConfiguration@7312eea3 testClass = JpaOfficerDAOTest, locations = '{}', classes = '{class com.oreilly.SpringDemo}', contextInitializerClasses = '[]', activeProfiles = '{}', propertySourceLocations = '{}', propertySourceProperties = '{org.springframework.boot.test.context.SpringBootTestContextBootstrapper=true}', contextCustomizers = set[org.springframework.boot.test.autoconfigure.properties.PropertyMappingContextCustomizer@0, org.springframework.boot.test.autoconfigure.web.servlet.WebDriverContextCustomizerFactory$Customizer@91bbf98, org.springframework.boot.test.context.filter.ExcludeFilterContextCustomizer@24fb5dbd, org.springframework.boot.test.json.DuplicateJsonObjectContextCustomizerFactory$DuplicateJsonObjectContextCustomizer@1dd0df2f, org.springframework.boot.test.mock.mockito.MockitoContextCustomizer@0, org.springframework.boot.test.web.client.TestRestTemplateContextCustomizer@7cfc5d30], contextLoader = 'org.springframework.boot.test.context.SpringBootContextLoader', parent = [null]], attributes = map[[empty]]]
2019-10-14 22:03:29.575  INFO 15803 --- [    Test worker] o.s.t.c.transaction.TransactionContext   : Began transaction (1) for test context [DefaultTestContext@375e3efb testClass = JpaOfficerDAOTest, testInstance = com.oreilly.dao.JpaOfficerDAOTest@1e771e68, testMethod = count@JpaOfficerDAOTest, testException = [null], mergedContextConfiguration = [MergedContextConfiguration@7312eea3 testClass = JpaOfficerDAOTest, locations = '{}', classes = '{class com.oreilly.SpringDemo}', contextInitializerClasses = '[]', activeProfiles = '{}', propertySourceLocations = '{}', propertySourceProperties = '{org.springframework.boot.test.context.SpringBootTestContextBootstrapper=true}', contextCustomizers = set[org.springframework.boot.test.autoconfigure.properties.PropertyMappingContextCustomizer@0, org.springframework.boot.test.autoconfigure.web.servlet.WebDriverContextCustomizerFactory$Customizer@91bbf98, org.springframework.boot.test.context.filter.ExcludeFilterContextCustomizer@24fb5dbd, org.springframework.boot.test.json.DuplicateJsonObjectContextCustomizerFactory$DuplicateJsonObjectContextCustomizer@1dd0df2f, org.springframework.boot.test.mock.mockito.MockitoContextCustomizer@0, org.springframework.boot.test.web.client.TestRestTemplateContextCustomizer@7cfc5d30], contextLoader = 'org.springframework.boot.test.context.SpringBootContextLoader', parent = [null]], attributes = map[[empty]]]; transaction manager [org.springframework.orm.jpa.JpaTransactionManager@787b7b19]; rollback [true]
Hibernate: select count(officer0_.id) as col_0_0_ from officers officer0_
2019-10-14 22:03:29.581  INFO 15803 --- [    Test worker] o.s.t.c.transaction.TransactionContext   : Rolled back transaction for test: [DefaultTestContext@375e3efb testClass = JpaOfficerDAOTest, testInstance = com.oreilly.dao.JpaOfficerDAOTest@1e771e68, testMethod = count@JpaOfficerDAOTest, testException = [null], mergedContextConfiguration = [MergedContextConfiguration@7312eea3 testClass = JpaOfficerDAOTest, locations = '{}', classes = '{class com.oreilly.SpringDemo}', contextInitializerClasses = '[]', activeProfiles = '{}', propertySourceLocations = '{}', propertySourceProperties = '{org.springframework.boot.test.context.SpringBootTestContextBootstrapper=true}', contextCustomizers = set[org.springframework.boot.test.autoconfigure.properties.PropertyMappingContextCustomizer@0, org.springframework.boot.test.autoconfigure.web.servlet.WebDriverContextCustomizerFactory$Customizer@91bbf98, org.springframework.boot.test.context.filter.ExcludeFilterContextCustomizer@24fb5dbd, org.springframework.boot.test.json.DuplicateJsonObjectContextCustomizerFactory$DuplicateJsonObjectContextCustomizer@1dd0df2f, org.springframework.boot.test.mock.mockito.MockitoContextCustomizer@0, org.springframework.boot.test.web.client.TestRestTemplateContextCustomizer@7cfc5d30], contextLoader = 'org.springframework.boot.test.context.SpringBootContextLoader', parent = [null]], attributes = map[[empty]]]
2019-10-14 22:03:29.587  INFO 15803 --- [    Test worker] o.s.t.c.transaction.TransactionContext   : Began transaction (1) for test context [DefaultTestContext@375e3efb testClass = JpaOfficerDAOTest, testInstance = com.oreilly.dao.JpaOfficerDAOTest@1e771e68, testMethod = existsById@JpaOfficerDAOTest, testException = [null], mergedContextConfiguration = [MergedContextConfiguration@7312eea3 testClass = JpaOfficerDAOTest, locations = '{}', classes = '{class com.oreilly.SpringDemo}', contextInitializerClasses = '[]', activeProfiles = '{}', propertySourceLocations = '{}', propertySourceProperties = '{org.springframework.boot.test.context.SpringBootTestContextBootstrapper=true}', contextCustomizers = set[org.springframework.boot.test.autoconfigure.properties.PropertyMappingContextCustomizer@0, org.springframework.boot.test.autoconfigure.web.servlet.WebDriverContextCustomizerFactory$Customizer@91bbf98, org.springframework.boot.test.context.filter.ExcludeFilterContextCustomizer@24fb5dbd, org.springframework.boot.test.json.DuplicateJsonObjectContextCustomizerFactory$DuplicateJsonObjectContextCustomizer@1dd0df2f, org.springframework.boot.test.mock.mockito.MockitoContextCustomizer@0, org.springframework.boot.test.web.client.TestRestTemplateContextCustomizer@7cfc5d30], contextLoader = 'org.springframework.boot.test.context.SpringBootContextLoader', parent = [null]], attributes = map[[empty]]]; transaction manager [org.springframework.orm.jpa.JpaTransactionManager@787b7b19]; rollback [true]
Hibernate: select 1 as col_0_0_ from officers officer0_ where officer0_.id=?
Hibernate: select 1 as col_0_0_ from officers officer0_ where officer0_.id=?
Hibernate: select 1 as col_0_0_ from officers officer0_ where officer0_.id=?
Hibernate: select 1 as col_0_0_ from officers officer0_ where officer0_.id=?
Hibernate: select 1 as col_0_0_ from officers officer0_ where officer0_.id=?
2019-10-14 22:03:29.617  INFO 15803 --- [    Test worker] o.s.t.c.transaction.TransactionContext   : Rolled back transaction for test: [DefaultTestContext@375e3efb testClass = JpaOfficerDAOTest, testInstance = com.oreilly.dao.JpaOfficerDAOTest@1e771e68, testMethod = existsById@JpaOfficerDAOTest, testException = [null], mergedContextConfiguration = [MergedContextConfiguration@7312eea3 testClass = JpaOfficerDAOTest, locations = '{}', classes = '{class com.oreilly.SpringDemo}', contextInitializerClasses = '[]', activeProfiles = '{}', propertySourceLocations = '{}', propertySourceProperties = '{org.springframework.boot.test.context.SpringBootTestContextBootstrapper=true}', contextCustomizers = set[org.springframework.boot.test.autoconfigure.properties.PropertyMappingContextCustomizer@0, org.springframework.boot.test.autoconfigure.web.servlet.WebDriverContextCustomizerFactory$Customizer@91bbf98, org.springframework.boot.test.context.filter.ExcludeFilterContextCustomizer@24fb5dbd, org.springframework.boot.test.json.DuplicateJsonObjectContextCustomizerFactory$DuplicateJsonObjectContextCustomizer@1dd0df2f, org.springframework.boot.test.mock.mockito.MockitoContextCustomizer@0, org.springframework.boot.test.web.client.TestRestTemplateContextCustomizer@7cfc5d30], contextLoader = 'org.springframework.boot.test.context.SpringBootContextLoader', parent = [null]], attributes = map[[empty]]]
2019-10-14 22:03:29.621  INFO 15803 --- [    Test worker] o.s.t.c.transaction.TransactionContext   : Began transaction (1) for test context [DefaultTestContext@375e3efb testClass = JpaOfficerDAOTest, testInstance = com.oreilly.dao.JpaOfficerDAOTest@1e771e68, testMethod = findOneThatExists@JpaOfficerDAOTest, testException = [null], mergedContextConfiguration = [MergedContextConfiguration@7312eea3 testClass = JpaOfficerDAOTest, locations = '{}', classes = '{class com.oreilly.SpringDemo}', contextInitializerClasses = '[]', activeProfiles = '{}', propertySourceLocations = '{}', propertySourceProperties = '{org.springframework.boot.test.context.SpringBootTestContextBootstrapper=true}', contextCustomizers = set[org.springframework.boot.test.autoconfigure.properties.PropertyMappingContextCustomizer@0, org.springframework.boot.test.autoconfigure.web.servlet.WebDriverContextCustomizerFactory$Customizer@91bbf98, org.springframework.boot.test.context.filter.ExcludeFilterContextCustomizer@24fb5dbd, org.springframework.boot.test.json.DuplicateJsonObjectContextCustomizerFactory$DuplicateJsonObjectContextCustomizer@1dd0df2f, org.springframework.boot.test.mock.mockito.MockitoContextCustomizer@0, org.springframework.boot.test.web.client.TestRestTemplateContextCustomizer@7cfc5d30], contextLoader = 'org.springframework.boot.test.context.SpringBootContextLoader', parent = [null]], attributes = map[[empty]]]; transaction manager [org.springframework.orm.jpa.JpaTransactionManager@787b7b19]; rollback [true]
Hibernate: select officer0_.id as id1_0_0_, officer0_.first_name as first_na2_0_0_, officer0_.last_name as last_nam3_0_0_, officer0_.rank as rank4_0_0_ from officers officer0_ where officer0_.id=?
Hibernate: select officer0_.id as id1_0_0_, officer0_.first_name as first_na2_0_0_, officer0_.last_name as last_nam3_0_0_, officer0_.rank as rank4_0_0_ from officers officer0_ where officer0_.id=?
Hibernate: select officer0_.id as id1_0_0_, officer0_.first_name as first_na2_0_0_, officer0_.last_name as last_nam3_0_0_, officer0_.rank as rank4_0_0_ from officers officer0_ where officer0_.id=?
Hibernate: select officer0_.id as id1_0_0_, officer0_.first_name as first_na2_0_0_, officer0_.last_name as last_nam3_0_0_, officer0_.rank as rank4_0_0_ from officers officer0_ where officer0_.id=?
Hibernate: select officer0_.id as id1_0_0_, officer0_.first_name as first_na2_0_0_, officer0_.last_name as last_nam3_0_0_, officer0_.rank as rank4_0_0_ from officers officer0_ where officer0_.id=?
2019-10-14 22:03:29.641  INFO 15803 --- [    Test worker] o.s.t.c.transaction.TransactionContext   : Rolled back transaction for test: [DefaultTestContext@375e3efb testClass = JpaOfficerDAOTest, testInstance = com.oreilly.dao.JpaOfficerDAOTest@1e771e68, testMethod = findOneThatExists@JpaOfficerDAOTest, testException = [null], mergedContextConfiguration = [MergedContextConfiguration@7312eea3 testClass = JpaOfficerDAOTest, locations = '{}', classes = '{class com.oreilly.SpringDemo}', contextInitializerClasses = '[]', activeProfiles = '{}', propertySourceLocations = '{}', propertySourceProperties = '{org.springframework.boot.test.context.SpringBootTestContextBootstrapper=true}', contextCustomizers = set[org.springframework.boot.test.autoconfigure.properties.PropertyMappingContextCustomizer@0, org.springframework.boot.test.autoconfigure.web.servlet.WebDriverContextCustomizerFactory$Customizer@91bbf98, org.springframework.boot.test.context.filter.ExcludeFilterContextCustomizer@24fb5dbd, org.springframework.boot.test.json.DuplicateJsonObjectContextCustomizerFactory$DuplicateJsonObjectContextCustomizer@1dd0df2f, org.springframework.boot.test.mock.mockito.MockitoContextCustomizer@0, org.springframework.boot.test.web.client.TestRestTemplateContextCustomizer@7cfc5d30], contextLoader = 'org.springframework.boot.test.context.SpringBootContextLoader', parent = [null]], attributes = map[[empty]]]
]]></system-out>
  <system-err><![CDATA[]]></system-err>
</testsuite>
